-------------------------------------------------------------------------------
Test set: com.acme.review.service.BusinessRiskPayloadBudgetServiceTest
-------------------------------------------------------------------------------
Tests run: 1, Failures: 0, Errors: 1, Skipped: 0, Time elapsed: 0.027 s <<< FAILURE! -- in com.acme.review.service.BusinessRiskPayloadBudgetServiceTest
com.acme.review.service.BusinessRiskPayloadBudgetServiceTest.applyBudgetShouldTrimLargePayloadWithoutThrowing -- Time elapsed: 0.025 s <<< ERROR!
java.lang.UnsupportedOperationException
	at java.base/java.util.ImmutableCollections.uoe(ImmutableCollections.java:142)
	at java.base/java.util.ImmutableCollections$ListItr.remove(ImmutableCollections.java:380)
	at com.acme.review.service.BusinessRiskPayloadBudgetService.dropLowPriorityMethods(BusinessRiskPayloadBudgetService.java:96)
	at com.acme.review.service.BusinessRiskPayloadBudgetService.applyBudget(BusinessRiskPayloadBudgetService.java:48)
	at com.acme.review.service.BusinessRiskPayloadBudgetServiceTest.applyBudgetShouldTrimLargePayloadWithoutThrowing(BusinessRiskPayloadBudgetServiceTest.java:45)
	at java.base/java.lang.reflect.Method.invoke(Method.java:569)
	at java.base/java.util.ArrayList.forEach(ArrayList.java:1511)
	at java.base/java.util.ArrayList.forEach(ArrayList.java:1511)

