-------------------------------------------------------------------------------
Test set: com.acme.review.service.WebhookDedupServiceTest
-------------------------------------------------------------------------------
Tests run: 1, Failures: 1, Errors: 0, Skipped: 0, Time elapsed: 0.035 s <<< FAILURE! -- in com.acme.review.service.WebhookDedupServiceTest
com.acme.review.service.WebhookDedupServiceTest.shouldFallbackToLocalLockWhenRedissonMissing -- Time elapsed: 0.033 s <<< FAILURE!
org.opentest4j.AssertionFailedError: 

Expecting value to be false but was true
	at java.base/jdk.internal.reflect.NativeConstructorAccessorImpl.newInstance0(Native Method)
	at java.base/jdk.internal.reflect.NativeConstructorAccessorImpl.newInstance(NativeConstructorAccessorImpl.java:77)
	at java.base/jdk.internal.reflect.DelegatingConstructorAccessorImpl.newInstance(DelegatingConstructorAccessorImpl.java:45)
	at java.base/java.lang.reflect.Constructor.newInstanceWithCaller(Constructor.java:500)
	at com.acme.review.service.WebhookDedupServiceTest.lambda$shouldFallbackToLocalLockWhenRedissonMissing$0(WebhookDedupServiceTest.java:20)
	at org.springframework.boot.test.context.runner.AbstractApplicationContextRunner.accept(AbstractApplicationContextRunner.java:434)
	at org.springframework.boot.test.context.runner.AbstractApplicationContextRunner.consumeAssertableContext(AbstractApplicationContextRunner.java:363)
	at org.springframework.boot.test.context.runner.AbstractApplicationContextRunner.lambda$run$0(AbstractApplicationContextRunner.java:341)
	at org.springframework.boot.test.util.TestPropertyValues.lambda$applyToSystemProperties$1(TestPropertyValues.java:174)
	at org.springframework.boot.test.util.TestPropertyValues.applyToSystemProperties(TestPropertyValues.java:188)
	at org.springframework.boot.test.util.TestPropertyValues.applyToSystemProperties(TestPropertyValues.java:173)
	at org.springframework.boot.test.context.runner.AbstractApplicationContextRunner.lambda$run$1(AbstractApplicationContextRunner.java:341)
	at org.springframework.boot.test.context.runner.AbstractApplicationContextRunner.withContextClassLoader(AbstractApplicationContextRunner.java:369)
	at org.springframework.boot.test.context.runner.AbstractApplicationContextRunner.run(AbstractApplicationContextRunner.java:340)
	at com.acme.review.service.WebhookDedupServiceTest.shouldFallbackToLocalLockWhenRedissonMissing(WebhookDedupServiceTest.java:15)
	at java.base/java.lang.reflect.Method.invoke(Method.java:569)
	at java.base/java.util.ArrayList.forEach(ArrayList.java:1511)
	at java.base/java.util.ArrayList.forEach(ArrayList.java:1511)

