<?xml version="1.0" encoding="UTF-8"?>
<testsuite xmlns:xsi="http://www.w3.org/2001/XMLSchema-instance" xsi:noNamespaceSchemaLocation="https://maven.apache.org/surefire/maven-surefire-plugin/xsd/surefire-test-report-3.0.xsd" version="3.0" name="com.acme.review.ast.TreeSitterNativeParserTest" time="0.023" tests="5" errors="0" skipped="0" failures="0">
  <properties>
[...]
</properties>
  <testcase name="parseJavaClass_extractsMethodsAndClass" classname="com.acme.review.ast.TreeSitterNativeParserTest" time="0.004"/>
  <testcase name="parsePythonDef_extractsFunctions" classname="com.acme.review.ast.TreeSitterNativeParserTest" time="0.005"/>
  <testcase name="parseWithChangedLines_filtersByChangedLines" classname="com.acme.review.ast.TreeSitterNativeParserTest" time="0.003"/>
  <testcase name="unsupportedLanguage_returnsEmpty" classname="com.acme.review.ast.TreeSitterNativeParserTest" time="0.002"/>
  <testcase name="emptySource_returnsEmpty" classname="com.acme.review.ast.TreeSitterNativeParserTest" time="0.0"/>
</testsuite>